{"timestamp":"2026-03-15T10:11:59.445089Z","level":"info","event":"DAG bundles loaded: dags-folder","logger":"airflow.dag_processing.bundles.manager.DagBundlesManager","filename":"manager.py","lineno":179}
{"timestamp":"2026-03-15T10:11:59.448121Z","level":"info","event":"Filling up the DagBag from /home/raquel/programacao/estudos/sbbdGRUPO/airflow/dags/limpeza_dag.py","logger":"airflow.models.dagbag.DagBag","filename":"dagbag.py","lineno":593}
{"timestamp":"2026-03-15T10:12:01.206469Z","level":"info","event":"── Treinando com dataset [IQR]: /home/raquel/programacao/estudos/sbbdGRUPO/airflow/processed/IQR_2026-03-15.csv","logger":"unusual_prefix_41cd5a7cf28eaf2177ecb828c54c3e952670ab38_limpeza_dag","filename":"limpeza_dag.py","lineno":266}
{"timestamp":"2026-03-15T10:12:11.700428Z","level":"info","event":"\n[IQR] Métricas de Regressão:\n  MAE  : 0.9882 °C\n  RMSE : 1.2588 °C\n  R²   : 0.9007","logger":"unusual_prefix_41cd5a7cf28eaf2177ecb828c54c3e952670ab38_limpeza_dag","filename":"limpeza_dag.py","lineno":221}
{"timestamp":"2026-03-15T10:12:11.701023Z","level":"info","event":"[IQR] Importância das features: {'Umidade Relativa do Ar a 2m': 0.1629, 'Velocidade Máxima do Vento 10m': 0.048, 'Direção do Vento 10m': 0.0435, 'Fluxo de Calor no Solo': 0.7456}","logger":"unusual_prefix_41cd5a7cf28eaf2177ecb828c54c3e952670ab38_limpeza_dag","filename":"limpeza_dag.py","lineno":228}
{"timestamp":"2026-03-15T10:12:11.704451Z","level":"info","event":"── Treinando com dataset [zscore]: /home/raquel/programacao/estudos/sbbdGRUPO/airflow/processed/zscore_2026-03-15.csv","logger":"unusual_prefix_41cd5a7cf28eaf2177ecb828c54c3e952670ab38_limpeza_dag","filename":"limpeza_dag.py","lineno":266}
{"timestamp":"2026-03-15T10:12:28.692854Z","level":"info","event":"\n[ZSCORE] Métricas de Regressão:\n  MAE  : 0.9957 °C\n  RMSE : 1.2780 °C\n  R²   : 0.8700","logger":"unusual_prefix_41cd5a7cf28eaf2177ecb828c54c3e952670ab38_limpeza_dag","filename":"limpeza_dag.py","lineno":221}
{"timestamp":"2026-03-15T10:12:28.693432Z","level":"info","event":"[ZSCORE] Importância das features: {'Umidade Relativa do Ar a 2m': 0.1939, 'Velocidade Máxima do Vento 10m': 0.0544, 'Direção do Vento 10m': 0.0519, 'Fluxo de Calor no Solo': 0.6997}","logger":"unusual_prefix_41cd5a7cf28eaf2177ecb828c54c3e952670ab38_limpeza_dag","filename":"limpeza_dag.py","lineno":228}
{"timestamp":"2026-03-15T10:12:28.740565Z","level":"info","event":"── Treinando com dataset [lof]: /home/raquel/programacao/estudos/sbbdGRUPO/airflow/processed/lof_2026-03-15.csv","logger":"unusual_prefix_41cd5a7cf28eaf2177ecb828c54c3e952670ab38_limpeza_dag","filename":"limpeza_dag.py","lineno":266}
{"timestamp":"2026-03-15T10:12:52.484133Z","level":"info","event":"\n[LOF] Métricas de Regressão:\n  MAE  : 1.0264 °C\n  RMSE : 1.3340 °C\n  R²   : 0.8895","logger":"unusual_prefix_41cd5a7cf28eaf2177ecb828c54c3e952670ab38_limpeza_dag","filename":"limpeza_dag.py","lineno":221}
{"timestamp":"2026-03-15T10:12:52.484566Z","level":"info","event":"[LOF] Importância das features: {'Umidade Relativa do Ar a 2m': 0.7666, 'Velocidade Máxima do Vento 10m': 0.0531, 'Direção do Vento 10m': 0.0466, 'Fluxo de Calor no Solo': 0.1338}","logger":"unusual_prefix_41cd5a7cf28eaf2177ecb828c54c3e952670ab38_limpeza_dag","filename":"limpeza_dag.py","lineno":228}
{"timestamp":"2026-03-15T10:12:52.552950Z","level":"info","event":"── Treinando com dataset [isolation_forest]: /home/raquel/programacao/estudos/sbbdGRUPO/airflow/processed/isolation_forest_2026-03-15.csv","logger":"unusual_prefix_41cd5a7cf28eaf2177ecb828c54c3e952670ab38_limpeza_dag","filename":"limpeza_dag.py","lineno":266}
{"timestamp":"2026-03-15T10:13:12.856875Z","level":"info","event":"\n[ISOLATION_FOREST] Métricas de Regressão:\n  MAE  : 0.9957 °C\n  RMSE : 1.2894 °C\n  R²   : 0.8554","logger":"unusual_prefix_41cd5a7cf28eaf2177ecb828c54c3e952670ab38_limpeza_dag","filename":"limpeza_dag.py","lineno":221}
{"timestamp":"2026-03-15T10:13:12.857229Z","level":"info","event":"[ISOLATION_FOREST] Importância das features: {'Umidade Relativa do Ar a 2m': 0.2122, 'Velocidade Máxima do Vento 10m': 0.0621, 'Direção do Vento 10m': 0.0566, 'Fluxo de Calor no Solo': 0.6691}","logger":"unusual_prefix_41cd5a7cf28eaf2177ecb828c54c3e952670ab38_limpeza_dag","filename":"limpeza_dag.py","lineno":228}
{"timestamp":"2026-03-15T10:13:12.890795Z","level":"info","event":"\n╔═══════════════════════════════════════════════════════╗\n║      COMPARATIVO DE MÉTRICAS — RANDOM FOREST          ║\n║      Alvo: Temperatura do Ar a 2m (regressão)         ║\n╠═══════════════════════════════════════════════════════╣\n║ Método                 MAE (°C)  RMSE (°C)       R² ║\n╠═══════════════════════════════════════════════════════╣","logger":"unusual_prefix_41cd5a7cf28eaf2177ecb828c54c3e952670ab38_limpeza_dag","filename":"limpeza_dag.py","lineno":286}
{"timestamp":"2026-03-15T10:13:12.891090Z","level":"info","event":"║ IQR                      0.9882     1.2588   0.9007 ║","logger":"unusual_prefix_41cd5a7cf28eaf2177ecb828c54c3e952670ab38_limpeza_dag","filename":"limpeza_dag.py","lineno":297}
{"timestamp":"2026-03-15T10:13:12.891205Z","level":"info","event":"║ zscore                   0.9957     1.2780   0.8700 ║","logger":"unusual_prefix_41cd5a7cf28eaf2177ecb828c54c3e952670ab38_limpeza_dag","filename":"limpeza_dag.py","lineno":297}
{"timestamp":"2026-03-15T10:13:12.891280Z","level":"info","event":"║ lof                      1.0264     1.3340   0.8895 ║","logger":"unusual_prefix_41cd5a7cf28eaf2177ecb828c54c3e952670ab38_limpeza_dag","filename":"limpeza_dag.py","lineno":297}
{"timestamp":"2026-03-15T10:13:12.891345Z","level":"info","event":"║ isolation_forest         0.9957     1.2894   0.8554 ║","logger":"unusual_prefix_41cd5a7cf28eaf2177ecb828c54c3e952670ab38_limpeza_dag","filename":"limpeza_dag.py","lineno":297}
{"timestamp":"2026-03-15T10:13:12.897301Z","level":"info","event":"╚═══════════════════════════════════════════════════════╝","logger":"unusual_prefix_41cd5a7cf28eaf2177ecb828c54c3e952670ab38_limpeza_dag","filename":"limpeza_dag.py","lineno":301}
{"timestamp":"2026-03-15T10:13:12.902823Z","level":"info","event":"✔ Relatório ML salvo em: /home/raquel/programacao/estudos/sbbdGRUPO/airflow/reports/ml_report_2026-03-15.json","logger":"unusual_prefix_41cd5a7cf28eaf2177ecb828c54c3e952670ab38_limpeza_dag","filename":"limpeza_dag.py","lineno":318}
{"timestamp":"2026-03-15T10:13:12.959023Z","level":"info","event":"Done. Returned value was: None","logger":"airflow.task.operators.airflow.providers.standard.operators.python.PythonOperator","filename":"python.py","lineno":215}
