{"timestamp":"2026-03-15T21:45:45.415650Z","level":"info","event":"DAG bundles loaded: dags-folder","logger":"airflow.dag_processing.bundles.manager.DagBundlesManager","filename":"manager.py","lineno":179}
{"timestamp":"2026-03-15T21:45:45.419731Z","level":"info","event":"Filling up the DagBag from /home/raquel/programacao/estudos/sbbdGRUPO/airflow/dags/limpeza_dag.py","logger":"airflow.models.dagbag.DagBag","filename":"dagbag.py","lineno":593}
{"timestamp":"2026-03-15T21:45:47.010221Z","level":"info","event":"── Treinando com dataset [IQR]: /home/raquel/programacao/estudos/sbbdGRUPO/airflow/processed/IQR_2026-03-15.csv","logger":"unusual_prefix_41cd5a7cf28eaf2177ecb828c54c3e952670ab38_limpeza_dag","filename":"limpeza_dag.py","lineno":291}
{"timestamp":"2026-03-15T21:45:55.112767Z","level":"info","event":"\n[IQR] Métricas de Regressão:\n  MAE  : 0.2317 °C\n  RMSE : 0.2941 °C\n  R²   : 0.8151","logger":"unusual_prefix_41cd5a7cf28eaf2177ecb828c54c3e952670ab38_limpeza_dag","filename":"limpeza_dag.py","lineno":246}
{"timestamp":"2026-03-15T21:45:55.113066Z","level":"info","event":"[IQR] Importância das features: {'Umidade Relativa do Ar a 2m': 0.1962, 'Velocidade Máxima do Vento 10m': 0.0806, 'Direção do Vento 10m': 0.0784, 'Fluxo de Calor no Solo': 0.6449}","logger":"unusual_prefix_41cd5a7cf28eaf2177ecb828c54c3e952670ab38_limpeza_dag","filename":"limpeza_dag.py","lineno":253}
{"timestamp":"2026-03-15T21:45:55.142525Z","level":"info","event":"── Treinando com dataset [zscore]: /home/raquel/programacao/estudos/sbbdGRUPO/airflow/processed/zscore_2026-03-15.csv","logger":"unusual_prefix_41cd5a7cf28eaf2177ecb828c54c3e952670ab38_limpeza_dag","filename":"limpeza_dag.py","lineno":291}
{"timestamp":"2026-03-15T21:46:23.178207Z","level":"info","event":"\n[ZSCORE] Métricas de Regressão:\n  MAE  : 0.2322 °C\n  RMSE : 0.2985 °C\n  R²   : 0.8699","logger":"unusual_prefix_41cd5a7cf28eaf2177ecb828c54c3e952670ab38_limpeza_dag","filename":"limpeza_dag.py","lineno":246}
{"timestamp":"2026-03-15T21:46:23.180588Z","level":"info","event":"[ZSCORE] Importância das features: {'Umidade Relativa do Ar a 2m': 0.1941, 'Velocidade Máxima do Vento 10m': 0.0552, 'Direção do Vento 10m': 0.0524, 'Fluxo de Calor no Solo': 0.6983}","logger":"unusual_prefix_41cd5a7cf28eaf2177ecb828c54c3e952670ab38_limpeza_dag","filename":"limpeza_dag.py","lineno":253}
{"timestamp":"2026-03-15T21:46:23.332140Z","level":"info","event":"── Treinando com dataset [lof]: /home/raquel/programacao/estudos/sbbdGRUPO/airflow/processed/lof_2026-03-15.csv","logger":"unusual_prefix_41cd5a7cf28eaf2177ecb828c54c3e952670ab38_limpeza_dag","filename":"limpeza_dag.py","lineno":291}
{"timestamp":"2026-03-15T21:46:58.954569Z","level":"info","event":"\n[LOF] Métricas de Regressão:\n  MAE  : 0.2385 °C\n  RMSE : 0.3124 °C\n  R²   : 0.8863","logger":"unusual_prefix_41cd5a7cf28eaf2177ecb828c54c3e952670ab38_limpeza_dag","filename":"limpeza_dag.py","lineno":246}
{"timestamp":"2026-03-15T21:46:58.955149Z","level":"info","event":"[LOF] Importância das features: {'Umidade Relativa do Ar a 2m': 0.7668, 'Velocidade Máxima do Vento 10m': 0.0529, 'Direção do Vento 10m': 0.0465, 'Fluxo de Calor no Solo': 0.1338}","logger":"unusual_prefix_41cd5a7cf28eaf2177ecb828c54c3e952670ab38_limpeza_dag","filename":"limpeza_dag.py","lineno":253}
{"timestamp":"2026-03-15T21:46:59.159137Z","level":"info","event":"── Treinando com dataset [isolation_forest]: /home/raquel/programacao/estudos/sbbdGRUPO/airflow/processed/isolation_forest_2026-03-15.csv","logger":"unusual_prefix_41cd5a7cf28eaf2177ecb828c54c3e952670ab38_limpeza_dag","filename":"limpeza_dag.py","lineno":291}
{"timestamp":"2026-03-15T21:47:33.528473Z","level":"info","event":"\n[ISOLATION_FOREST] Métricas de Regressão:\n  MAE  : 0.2313 °C\n  RMSE : 0.2998 °C\n  R²   : 0.8552","logger":"unusual_prefix_41cd5a7cf28eaf2177ecb828c54c3e952670ab38_limpeza_dag","filename":"limpeza_dag.py","lineno":246}
{"timestamp":"2026-03-15T21:47:33.532112Z","level":"info","event":"[ISOLATION_FOREST] Importância das features: {'Umidade Relativa do Ar a 2m': 0.21, 'Velocidade Máxima do Vento 10m': 0.062, 'Direção do Vento 10m': 0.0561, 'Fluxo de Calor no Solo': 0.6718}","logger":"unusual_prefix_41cd5a7cf28eaf2177ecb828c54c3e952670ab38_limpeza_dag","filename":"limpeza_dag.py","lineno":253}
{"timestamp":"2026-03-15T21:47:33.706790Z","level":"info","event":"\n╔═══════════════════════════════════════════════════════╗\n║      COMPARATIVO DE MÉTRICAS — RANDOM FOREST          ║\n║      Alvo: Temperatura do Ar a 2m (regressão)         ║\n╠═══════════════════════════════════════════════════════╣\n║ Método                 MAE (°C)  RMSE (°C)       R² ║\n╠═══════════════════════════════════════════════════════╣","logger":"unusual_prefix_41cd5a7cf28eaf2177ecb828c54c3e952670ab38_limpeza_dag","filename":"limpeza_dag.py","lineno":311}
{"timestamp":"2026-03-15T21:47:33.707706Z","level":"info","event":"║ IQR                      0.2317     0.2941   0.8151 ║","logger":"unusual_prefix_41cd5a7cf28eaf2177ecb828c54c3e952670ab38_limpeza_dag","filename":"limpeza_dag.py","lineno":322}
{"timestamp":"2026-03-15T21:47:33.708083Z","level":"info","event":"║ zscore                   0.2322     0.2985   0.8699 ║","logger":"unusual_prefix_41cd5a7cf28eaf2177ecb828c54c3e952670ab38_limpeza_dag","filename":"limpeza_dag.py","lineno":322}
{"timestamp":"2026-03-15T21:47:33.708447Z","level":"info","event":"║ lof                      0.2385     0.3124   0.8863 ║","logger":"unusual_prefix_41cd5a7cf28eaf2177ecb828c54c3e952670ab38_limpeza_dag","filename":"limpeza_dag.py","lineno":322}
{"timestamp":"2026-03-15T21:47:33.708697Z","level":"info","event":"║ isolation_forest         0.2313     0.2998   0.8552 ║","logger":"unusual_prefix_41cd5a7cf28eaf2177ecb828c54c3e952670ab38_limpeza_dag","filename":"limpeza_dag.py","lineno":322}
{"timestamp":"2026-03-15T21:47:33.708914Z","level":"info","event":"╚═══════════════════════════════════════════════════════╝","logger":"unusual_prefix_41cd5a7cf28eaf2177ecb828c54c3e952670ab38_limpeza_dag","filename":"limpeza_dag.py","lineno":326}
{"timestamp":"2026-03-15T21:47:33.755033Z","level":"info","event":"✔ Relatório ML salvo em: /home/raquel/programacao/estudos/sbbdGRUPO/airflow/reports/ml_report_2026-03-15.json","logger":"unusual_prefix_41cd5a7cf28eaf2177ecb828c54c3e952670ab38_limpeza_dag","filename":"limpeza_dag.py","lineno":343}
{"timestamp":"2026-03-15T21:47:33.910348Z","level":"info","event":"Done. Returned value was: None","logger":"airflow.task.operators.airflow.providers.standard.operators.python.PythonOperator","filename":"python.py","lineno":215}
